<?xml version="1.0" encoding="UTF-8"?>
<!-- Generated by org.testng.reporters.JUnitXMLReporter -->
<testsuite ignored="0" hostname="DESKTOP-TP0UA4V" failures="0" tests="3" name="Test" time="33.467" errors="0" timestamp="2021-05-24T00:11:06 IST">
  <testcase classname="scripts.TakeCourse" name="takecourse" time="16.765"/>
  <testcase classname="scripts.ContactDetails" name="contatctus" time="4.357"/>
  <testcase classname="scripts.Addtocart" name="addproduct" time="3.659"/>
</testsuite> <!-- Test -->
